2025-02-16 14:50:55,265 [INFO] Activator:176 - 


2025-02-16 14:50:55,843 [INFO] Activator:177 - !SESSION log4j initialized
2025-02-16 14:51:58,460 [INFO] LogOutputStream:77 - [STDOUT_REDIRECT] 
2025-02-16 14:52:01,087 [INFO] ApplicationProperties:184 - Using Application install path: C:\ST\STM32CubeIDE_1.17.0\STM32CubeIDE\plugins\com.st.stm32cube.common.mx_6.13.0.202411220809
2025-02-16 14:52:01,134 [INFO] DbMcusXml:78 - Set database path to: C:\ST\STM32CubeIDE_1.17.0\STM32CubeIDE\plugins\com.st.stm32cube.common.mx_6.13.0.202411220809\\db\/mcu/
2025-02-16 14:52:01,134 [INFO] ApiDb:274 - Set plugin database path to: C:\ST\STM32CubeIDE_1.17.0\STM32CubeIDE\plugins\com.st.stm32cube.common.mx_6.13.0.202411220809\\db\/plugins/boardmanager/
2025-02-16 14:52:01,134 [WARN] ApiDb:259 - Overriding images path with different value:  => C:\ST\STM32CubeIDE_1.17.0\STM32CubeIDE\plugins\com.st.stm32cube.common.mx_6.13.0.202411220809\\db\/plugins/mcufinder/images/
2025-02-16 14:52:01,150 [INFO] ApiDb:250 - Set database path to: C:\Users\Admin\.stmcufinder\plugins\mcufinder//mcu/
2025-02-16 14:52:01,150 [INFO] DbMcusAds:125 - Set database path to: C:\Users\Admin\.stmcufinder\plugins\mcufinder//mcu/
2025-02-16 14:52:01,150 [INFO] CrossReferenceDbSqlite:203 - Set database path to: C:\Users\Admin\.stmcufinder\plugins\mcufinder//mcu/cs/
2025-02-16 14:52:01,447 [INFO] RulesReader:64 - Compatibility file has been processed (297 Rules)
2025-02-16 14:52:01,794 [INFO] DbMcusXml:78 - Set database path to: C:\ST\STM32CubeIDE_1.17.0\STM32CubeIDE\plugins\com.st.stm32cube.common.mx_6.13.0.202411220809\\db\/mcu/
2025-02-16 14:52:01,795 [INFO] ApiDb:274 - Set plugin database path to: C:\ST\STM32CubeIDE_1.17.0\STM32CubeIDE\plugins\com.st.stm32cube.common.mx_6.13.0.202411220809\\db\/plugins/boardmanager/
2025-02-16 14:52:01,795 [INFO] ApiDb:261 - Set plugin images path to: C:\ST\STM32CubeIDE_1.17.0\STM32CubeIDE\plugins\com.st.stm32cube.common.mx_6.13.0.202411220809\\db\/plugins/mcufinder/images/
2025-02-16 14:52:01,795 [WARN] DbFile:41 - Overriding database path with different value: C:\Users\Admin\.stmcufinder\plugins\mcufinder/ => C:\Users\Admin\.stmcufinder\plugins\mcufinder
2025-02-16 14:52:01,796 [INFO] ApiDb:250 - Set database path to: C:\Users\Admin\.stmcufinder\plugins\mcufinder//mcu/
2025-02-16 14:52:01,796 [WARN] DbFile:41 - Overriding database path with different value: C:\Users\Admin\.stmcufinder\plugins\mcufinder/ => C:\Users\Admin\.stmcufinder\plugins\mcufinder
2025-02-16 14:52:01,796 [INFO] DbMcusAds:125 - Set database path to: C:\Users\Admin\.stmcufinder\plugins\mcufinder//mcu/
2025-02-16 14:52:01,797 [WARN] DbFile:41 - Overriding database path with different value: C:\Users\Admin\.stmcufinder\plugins\mcufinder/ => C:\Users\Admin\.stmcufinder\plugins\mcufinder
2025-02-16 14:52:01,797 [WARN] DbFile:41 - Overriding database path with different value: C:\Users\Admin\.stmcufinder\plugins\mcufinder/ => C:\Users\Admin\.stmcufinder\plugins\mcufinder
2025-02-16 14:52:01,797 [INFO] CrossReferenceDbSqlite:203 - Set database path to: C:\Users\Admin\.stmcufinder\plugins\mcufinder//mcu/cs/
2025-02-16 14:52:01,991 [INFO] MainPanel:272 - HeapMemory: 268435456
2025-02-16 14:52:02,163 [INFO] DbMcusXml:78 - Set database path to: C:\ST\STM32CubeIDE_1.17.0\STM32CubeIDE\plugins\com.st.stm32cube.common.mx_6.13.0.202411220809\\db\/mcu/
2025-02-16 14:52:02,163 [INFO] ApiDb:274 - Set plugin database path to: C:\ST\STM32CubeIDE_1.17.0\STM32CubeIDE\plugins\com.st.stm32cube.common.mx_6.13.0.202411220809\\db\/plugins/boardmanager/
2025-02-16 14:52:02,163 [INFO] ApiDb:261 - Set plugin images path to: C:\ST\STM32CubeIDE_1.17.0\STM32CubeIDE\plugins\com.st.stm32cube.common.mx_6.13.0.202411220809\\db\/plugins/mcufinder/images/
2025-02-16 14:52:02,163 [WARN] DbFile:41 - Overriding database path with different value: C:\Users\Admin\.stmcufinder\plugins\mcufinder/ => C:\Users\Admin\.stmcufinder\plugins\mcufinder
2025-02-16 14:52:02,163 [INFO] ApiDb:250 - Set database path to: C:\Users\Admin\.stmcufinder\plugins\mcufinder//mcu/
2025-02-16 14:52:02,163 [WARN] DbFile:41 - Overriding database path with different value: C:\Users\Admin\.stmcufinder\plugins\mcufinder/ => C:\Users\Admin\.stmcufinder\plugins\mcufinder
2025-02-16 14:52:02,163 [INFO] DbMcusAds:125 - Set database path to: C:\Users\Admin\.stmcufinder\plugins\mcufinder//mcu/
2025-02-16 14:52:02,163 [WARN] DbFile:41 - Overriding database path with different value: C:\Users\Admin\.stmcufinder\plugins\mcufinder/ => C:\Users\Admin\.stmcufinder\plugins\mcufinder
2025-02-16 14:52:02,163 [WARN] DbFile:41 - Overriding database path with different value: C:\Users\Admin\.stmcufinder\plugins\mcufinder/ => C:\Users\Admin\.stmcufinder\plugins\mcufinder
2025-02-16 14:52:02,163 [INFO] CrossReferenceDbSqlite:203 - Set database path to: C:\Users\Admin\.stmcufinder\plugins\mcufinder//mcu/cs/
2025-02-16 14:52:02,194 [INFO] ApplicationProperties:184 - Using Application install path: C:\ST\STM32CubeIDE_1.17.0\STM32CubeIDE\plugins\com.st.stm32cube.common.mx_6.13.0.202411220809
2025-02-16 14:52:02,194 [INFO] PluginManage:196 - Search for loadable plugins [exclusion list=, ]
2025-02-16 14:52:02,210 [INFO] PluginManage:310 - Check plugin analytics
2025-02-16 14:52:02,552 [INFO] AnalyticsPlugin:253 - Accepted Software Licenses: 
2025-02-16 14:52:02,552 [INFO] AnalyticsPlugin:255 - Accepted CMSIS Pack Licenses: 
2025-02-16 14:52:02,552 [INFO] AnalyticsPlugin:257 - Accepted Firmware Licenses: FW.C0.1.3.0,FW.F4.1.28.0
2025-02-16 14:52:02,552 [INFO] PluginManage:359 - Loaded plugin analytics (category:tool,tabindex:-1)
2025-02-16 14:52:02,552 [INFO] PluginManage:310 - Check plugin cadmodel
2025-02-16 14:52:02,568 [INFO] CADModel:105 - Init CAD model plugin
2025-02-16 14:52:02,568 [INFO] PluginManage:359 - Loaded plugin cadmodel (category:power,tabindex:5)
2025-02-16 14:52:02,568 [INFO] PluginManage:310 - Check plugin clock
2025-02-16 14:52:02,599 [INFO] PluginManage:359 - Loaded plugin clock (category:base,tabindex:2)
2025-02-16 14:52:02,599 [INFO] PluginManage:310 - Check plugin ddr
2025-02-16 14:52:02,599 [INFO] PluginManage:359 - Loaded plugin ddr (category:tool,tabindex:6)
2025-02-16 14:52:02,599 [INFO] PluginManage:310 - Check plugin filemanager
2025-02-16 14:52:02,915 [INFO] PluginManage:359 - Loaded plugin filemanager (category:base,tabindex:10)
2025-02-16 14:52:02,915 [INFO] PluginManage:310 - Check plugin ipmanager
2025-02-16 14:52:02,931 [INFO] PluginManage:359 - Loaded plugin ipmanager (category:base,tabindex:5)
2025-02-16 14:52:02,931 [INFO] PluginManage:310 - Check plugin lpbam
2025-02-16 14:52:02,946 [INFO] PluginManage:359 - Loaded plugin lpbam (category:base,tabindex:0)
2025-02-16 14:52:02,946 [INFO] PluginManage:310 - Check plugin memorymap
2025-02-16 14:52:02,993 [INFO] PluginManage:359 - Loaded plugin memorymap (category:base,tabindex:4)
2025-02-16 14:52:02,993 [INFO] PluginManage:310 - Check plugin pinoutandconfiguration
2025-02-16 14:52:03,024 [INFO] PluginManage:359 - Loaded plugin pinoutandconfiguration (category:base,tabindex:1)
2025-02-16 14:52:03,024 [INFO] PluginManage:310 - Check plugin pinoutconfig
2025-02-16 14:52:03,213 [WARN] SupportedApi:132 - Cannot load RTOS API schema: s4s-elt-must-match.1: The content of 'definitions' must match (annotation?, (simpleType | complexType)?, (unique | key | keyref)*)). A problem was found starting at: attribute.
2025-02-16 14:52:03,558 [INFO] PluginManage:359 - Loaded plugin pinoutconfig (category:base,tabindex:0)
2025-02-16 14:52:03,558 [INFO] PluginManage:310 - Check plugin power
2025-02-16 14:52:03,573 [INFO] PluginManage:359 - Loaded plugin power (category:power,tabindex:4)
2025-02-16 14:52:03,573 [INFO] PluginManage:310 - Check plugin projectmanager
2025-02-16 14:52:03,623 [INFO] PluginManage:359 - Loaded plugin projectmanager (category:projectmanager,tabindex:4)
2025-02-16 14:52:03,623 [INFO] PluginManage:310 - Check plugin rif
2025-02-16 14:52:03,639 [INFO] PluginManage:359 - Loaded plugin rif (category:base,tabindex:3)
2025-02-16 14:52:03,639 [INFO] PluginManage:310 - Check plugin thirdparty
2025-02-16 14:52:04,015 [INFO] PluginManage:359 - Loaded plugin thirdparty (category:base,tabindex:-1)
2025-02-16 14:52:04,015 [INFO] PluginManage:310 - Check plugin tools
2025-02-16 14:52:04,015 [WARN] IntegrityCheckThread:84 - waiting for thirdparty lock release [integrity check]
2025-02-16 14:52:04,015 [INFO] IntegrityCheckThread:86 - entering critical section [integrity check]
2025-02-16 14:52:04,015 [INFO] ThirdPartyUpdaterWithRetryManager:70 - Updater plugin not ready yet. [1/15]
2025-02-16 14:52:04,015 [INFO] PluginManage:359 - Loaded plugin tools (category:base,tabindex:7)
2025-02-16 14:52:04,015 [INFO] PluginManage:310 - Check plugin tutovideos
2025-02-16 14:52:04,421 [INFO] PluginManage:359 - Loaded plugin tutovideos (category:base,tabindex:-1)
2025-02-16 14:52:04,421 [INFO] PluginManage:310 - Check plugin updater
2025-02-16 14:52:04,514 [INFO] PluginManage:359 - Loaded plugin updater (category:base,tabindex:12)
2025-02-16 14:52:04,514 [INFO] PluginManage:310 - Check plugin userauth
2025-02-16 14:52:04,526 [INFO] UserAuth:118 - Init User Auth plugin
2025-02-16 14:52:04,526 [INFO] PluginManage:359 - Loaded plugin userauth (category:base,tabindex:14)
2025-02-16 14:52:04,526 [INFO] PluginManage:283 - PluginManage : Loaded plugins [18]
2025-02-16 14:52:05,030 [INFO] PinOutPanel:1589 - setPackage(No Configuration,No Configuration)
2025-02-16 14:52:05,203 [INFO] CADModel:165 - CPN selected for project level
2025-02-16 14:52:05,203 [INFO] CADModel:114 - Register for checkConnection events
2025-02-16 14:52:05,250 [INFO] IPUIPlugin:80 - create IPUIPlugin
2025-02-16 14:52:05,250 [INFO] PluginManager:220 - loadIPPluginJar : add adc
2025-02-16 14:52:05,250 [INFO] IPUIPlugin:80 - create IPUIPlugin
2025-02-16 14:52:05,250 [INFO] PluginManager:220 - loadIPPluginJar : add aes
2025-02-16 14:52:05,265 [INFO] IPUIPlugin:80 - create IPUIPlugin
2025-02-16 14:52:05,265 [INFO] PluginManager:220 - loadIPPluginJar : add can
2025-02-16 14:52:05,265 [INFO] IPUIPlugin:80 - create IPUIPlugin
2025-02-16 14:52:05,265 [INFO] PluginManager:220 - loadIPPluginJar : add comp
2025-02-16 14:52:05,265 [INFO] IPUIPlugin:80 - create IPUIPlugin
2025-02-16 14:52:05,265 [INFO] PluginManager:220 - loadIPPluginJar : add cryp
2025-02-16 14:52:05,281 [INFO] IPUIPlugin:80 - create IPUIPlugin
2025-02-16 14:52:05,281 [INFO] PluginManager:220 - loadIPPluginJar : add ddr_ctrl_phy
2025-02-16 14:52:05,281 [INFO] IPUIPlugin:80 - create IPUIPlugin
2025-02-16 14:52:05,281 [INFO] PluginManager:220 - loadIPPluginJar : add dfsdm
2025-02-16 14:52:05,296 [INFO] IPUIPlugin:80 - create IPUIPlugin
2025-02-16 14:52:05,296 [INFO] PluginManager:220 - loadIPPluginJar : add dma
2025-02-16 14:52:05,296 [INFO] IPUIPlugin:80 - create IPUIPlugin
2025-02-16 14:52:05,296 [INFO] PluginManager:220 - loadIPPluginJar : add dma3
2025-02-16 14:52:05,312 [INFO] IPUIPlugin:80 - create IPUIPlugin
2025-02-16 14:52:05,312 [INFO] PluginManager:220 - loadIPPluginJar : add extmemmanager
2025-02-16 14:52:05,312 [INFO] IPUIPlugin:80 - create IPUIPlugin
2025-02-16 14:52:05,312 [INFO] PluginManager:220 - loadIPPluginJar : add fatfs
2025-02-16 14:52:05,312 [INFO] IPUIPlugin:80 - create IPUIPlugin
2025-02-16 14:52:05,312 [INFO] PluginManager:220 - loadIPPluginJar : add fmc
2025-02-16 14:52:05,343 [INFO] IPUIPlugin:80 - create IPUIPlugin
2025-02-16 14:52:05,343 [INFO] PluginManager:220 - loadIPPluginJar : add freertos
2025-02-16 14:52:05,343 [INFO] IPUIPlugin:80 - create IPUIPlugin
2025-02-16 14:52:05,343 [INFO] PluginManager:220 - loadIPPluginJar : add genericplugin
2025-02-16 14:52:05,343 [INFO] IPUIPlugin:80 - create IPUIPlugin
2025-02-16 14:52:05,343 [INFO] PluginManager:220 - loadIPPluginJar : add gfxmmu
2025-02-16 14:52:05,359 [INFO] IPUIPlugin:80 - create IPUIPlugin
2025-02-16 14:52:05,359 [INFO] PluginManager:220 - loadIPPluginJar : add gic
2025-02-16 14:52:05,359 [INFO] IPUIPlugin:80 - create IPUIPlugin
2025-02-16 14:52:05,359 [INFO] PluginManager:220 - loadIPPluginJar : add gpio
2025-02-16 14:52:05,374 [INFO] IPUIPlugin:80 - create IPUIPlugin
2025-02-16 14:52:05,374 [INFO] PluginManager:220 - loadIPPluginJar : add gtzc
2025-02-16 14:52:05,374 [INFO] IPUIPlugin:80 - create IPUIPlugin
2025-02-16 14:52:05,374 [INFO] PluginManager:220 - loadIPPluginJar : add hash
2025-02-16 14:52:05,390 [INFO] IPUIPlugin:80 - create IPUIPlugin
2025-02-16 14:52:05,390 [INFO] PluginManager:220 - loadIPPluginJar : add i2c
2025-02-16 14:52:05,390 [INFO] IPUIPlugin:80 - create IPUIPlugin
2025-02-16 14:52:05,390 [INFO] PluginManager:220 - loadIPPluginJar : add i2s
2025-02-16 14:52:05,390 [INFO] IPUIPlugin:80 - create IPUIPlugin
2025-02-16 14:52:05,390 [INFO] PluginManager:220 - loadIPPluginJar : add i3c
2025-02-16 14:52:05,406 [INFO] IPUIPlugin:80 - create IPUIPlugin
2025-02-16 14:52:05,406 [INFO] PluginManager:220 - loadIPPluginJar : add ipddr
2025-02-16 14:52:05,421 [INFO] IPUIPlugin:80 - create IPUIPlugin
2025-02-16 14:52:05,421 [INFO] PluginManager:220 - loadIPPluginJar : add linkedlist
2025-02-16 14:52:05,421 [INFO] IPUIPlugin:80 - create IPUIPlugin
2025-02-16 14:52:05,421 [INFO] PluginManager:220 - loadIPPluginJar : add lorawan
2025-02-16 14:52:05,421 [INFO] IPUIPlugin:80 - create IPUIPlugin
2025-02-16 14:52:05,421 [INFO] PluginManager:220 - loadIPPluginJar : add ltdc
2025-02-16 14:52:05,437 [INFO] IPUIPlugin:80 - create IPUIPlugin
2025-02-16 14:52:05,437 [INFO] PluginManager:220 - loadIPPluginJar : add mdma
2025-02-16 14:52:05,453 [INFO] IPUIPlugin:80 - create IPUIPlugin
2025-02-16 14:52:05,453 [INFO] PluginManager:220 - loadIPPluginJar : add nvic
2025-02-16 14:52:05,453 [INFO] IPUIPlugin:80 - create IPUIPlugin
2025-02-16 14:52:05,453 [INFO] PluginManager:220 - loadIPPluginJar : add opamp
2025-02-16 14:52:05,468 [INFO] IPUIPlugin:80 - create IPUIPlugin
2025-02-16 14:52:05,468 [INFO] PluginManager:220 - loadIPPluginJar : add openamp
2025-02-16 14:52:05,468 [INFO] IPUIPlugin:80 - create IPUIPlugin
2025-02-16 14:52:05,468 [INFO] PluginManager:220 - loadIPPluginJar : add pdm2pcm
2025-02-16 14:52:05,484 [INFO] IPUIPlugin:80 - create IPUIPlugin
2025-02-16 14:52:05,484 [INFO] PluginManager:220 - loadIPPluginJar : add plateformsettings
2025-02-16 14:52:05,484 [INFO] IPUIPlugin:80 - create IPUIPlugin
2025-02-16 14:52:05,484 [INFO] PluginManager:220 - loadIPPluginJar : add quadspi
2025-02-16 14:52:05,499 [INFO] IPUIPlugin:80 - create IPUIPlugin
2025-02-16 14:52:05,499 [INFO] PluginManager:220 - loadIPPluginJar : add radio
2025-02-16 14:52:05,499 [INFO] IPUIPlugin:80 - create IPUIPlugin
2025-02-16 14:52:05,499 [INFO] PluginManager:220 - loadIPPluginJar : add resmgrutility
2025-02-16 14:52:05,515 [INFO] IPUIPlugin:80 - create IPUIPlugin
2025-02-16 14:52:05,515 [INFO] PluginManager:220 - loadIPPluginJar : add sai
2025-02-16 14:52:05,515 [INFO] IPUIPlugin:80 - create IPUIPlugin
2025-02-16 14:52:05,515 [INFO] PluginManager:220 - loadIPPluginJar : add spi
2025-02-16 14:52:05,531 [INFO] IPUIPlugin:80 - create IPUIPlugin
2025-02-16 14:52:05,531 [INFO] PluginManager:220 - loadIPPluginJar : add stm32_wpan
2025-02-16 14:52:05,531 [INFO] IPUIPlugin:80 - create IPUIPlugin
2025-02-16 14:52:05,531 [INFO] PluginManager:220 - loadIPPluginJar : add tim
2025-02-16 14:52:05,531 [INFO] IPUIPlugin:80 - create IPUIPlugin
2025-02-16 14:52:05,531 [INFO] PluginManager:220 - loadIPPluginJar : add touchsensing
2025-02-16 14:52:05,546 [INFO] IPUIPlugin:80 - create IPUIPlugin
2025-02-16 14:52:05,546 [INFO] PluginManager:220 - loadIPPluginJar : add tracer_emb
2025-02-16 14:52:05,546 [INFO] IPUIPlugin:80 - create IPUIPlugin
2025-02-16 14:52:05,546 [INFO] PluginManager:220 - loadIPPluginJar : add ts
2025-02-16 14:52:05,546 [INFO] IPUIPlugin:80 - create IPUIPlugin
2025-02-16 14:52:05,546 [INFO] PluginManager:220 - loadIPPluginJar : add tsc
2025-02-16 14:52:05,562 [INFO] IPUIPlugin:80 - create IPUIPlugin
2025-02-16 14:52:05,562 [INFO] PluginManager:220 - loadIPPluginJar : add ucpd
2025-02-16 14:52:05,562 [INFO] IPUIPlugin:80 - create IPUIPlugin
2025-02-16 14:52:05,562 [INFO] PluginManager:220 - loadIPPluginJar : add usart
2025-02-16 14:52:05,562 [INFO] IPUIPlugin:80 - create IPUIPlugin
2025-02-16 14:52:05,562 [INFO] PluginManager:220 - loadIPPluginJar : add usbx
2025-02-16 14:52:05,763 [FATAL] Updater:351 - Updater called before beeing initialized
2025-02-16 14:52:05,812 [INFO] RulesReader:64 - Compatibility file has been processed (297 Rules)
2025-02-16 14:52:05,843 [INFO] RulesReader:64 - Compatibility file has been processed (297 Rules)
2025-02-16 14:52:05,859 [INFO] CADModel:165 - CPN selected for project level
2025-02-16 14:52:05,859 [INFO] CADModel:114 - Register for checkConnection events
2025-02-16 14:52:05,859 [FATAL] Updater:351 - Updater called before beeing initialized
2025-02-16 14:52:05,859 [ERROR] CADModel:125 - Updater not yet initialized, retry later 
2025-02-16 14:52:06,162 [FATAL] Updater:351 - Updater called before beeing initialized
2025-02-16 14:52:06,173 [INFO] CADModel:165 - CPN selected for project level
2025-02-16 14:52:06,173 [INFO] CADModel:114 - Register for checkConnection events
2025-02-16 14:52:06,173 [FATAL] Updater:351 - Updater called before beeing initialized
2025-02-16 14:52:06,173 [ERROR] CADModel:125 - Updater not yet initialized, retry later 
2025-02-16 14:52:06,173 [FATAL] Updater:351 - Updater called before beeing initialized
2025-02-16 14:52:06,522 [FATAL] Updater:351 - Updater called before beeing initialized
2025-02-16 14:52:06,522 [INFO] DbMcusAds:53 - JSON generation date=Tue Dec 17 21:31:15 IST 2024 (1734451275222)
2025-02-16 14:52:06,522 [FATAL] Updater:351 - Updater called before beeing initialized
2025-02-16 14:52:06,617 [WARN] DetailPanel:346 - Failed to get advertising image, set to default
2025-02-16 14:52:06,993 [FATAL] Updater:351 - Updater called before beeing initialized
2025-02-16 14:52:06,993 [FATAL] Updater:351 - Updater called before beeing initialized
2025-02-16 14:52:06,993 [FATAL] Updater:351 - Updater called before beeing initialized
2025-02-16 14:52:06,993 [WARN] DetailPanel:346 - Failed to get advertising image, set to default
2025-02-16 14:52:07,008 [FATAL] Updater:351 - Updater called before beeing initialized
2025-02-16 14:52:07,024 [INFO] ThirdPartyUpdaterWithRetryManager:70 - Updater plugin not ready yet. [2/15]
2025-02-16 14:52:07,086 [ERROR] Updater:1198 - MainUpdater not yet initialized. External WinMGr cannot be set.
2025-02-16 14:52:07,086 [INFO] Updater:1134 - Updater Version found : 6.13.0
2025-02-16 14:52:07,118 [INFO] ApplicationProperties:184 - Using Application install path: C:\ST\STM32CubeIDE_1.17.0\STM32CubeIDE\plugins\com.st.stm32cube.common.mx_6.13.0.202411220809
2025-02-16 14:52:08,122 [ERROR] ConfigurationRetriever:142 - IOException on connection: Read timed out
2025-02-16 14:52:08,720 [ERROR] LogOutputStream:75 - [STDERR_REDIRECT] Feb 16, 2025 2:52:08 PM java.util.prefs.WindowsPreferences <init>
2025-02-16 14:52:08,736 [ERROR] LogOutputStream:75 - [STDERR_REDIRECT] WARNING: Could not open/create prefs root node Software\JavaSoft\Prefs at root 0xffffffff80000002. Windows RegCreateKeyEx(...) returned error code 5.
2025-02-16 14:52:08,736 [ERROR] LogOutputStream:75 - [STDERR_REDIRECT] 
2025-02-16 14:52:10,039 [FATAL] Updater:351 - Updater called before beeing initialized
2025-02-16 14:52:10,039 [ERROR] IntegrityCheckThread:130 - Cannot retrieve database content from updater: error 21
2025-02-16 14:52:10,039 [INFO] ThirdParty:978 - Integrity check success = false
2025-02-16 14:52:10,039 [INFO] IntegrityCheckThread:100 - exiting critical section [integrity check]
2025-02-16 14:52:10,039 [INFO] IntegrityCheckThread:103 - End integrity checks thread
2025-02-16 14:52:10,384 [INFO] MainUpdater:2872 - connection check result : 10
2025-02-16 14:52:10,384 [INFO] MainUpdater:3566 - Updater definition file requires update
2025-02-16 14:52:10,384 [INFO] MainUpdater:289 - Updater Check For Update Now.
2025-02-16 14:52:10,384 [INFO] MicroXplorer:498 - Change Database Version : DB.6.0.130
2025-02-16 14:52:10,415 [INFO] McuFinderGlobals:63 - Set McuFinder mode to 2 (CubeIDE integrated)
2025-02-16 14:52:10,431 [INFO] UserAuth:486 - Internet connection configuration mode: 1
2025-02-16 14:52:10,462 [INFO] JxBrowserEngine:152 - Initiate JxBrowser Engine with user profile folder
2025-02-16 14:52:10,462 [INFO] ServerAccessManage:473 - Download File updaters.zip
2025-02-16 14:52:10,647 [INFO] FileExtend:240 - Unzip File : updaters.zip
2025-02-16 14:52:10,647 [INFO] FileExtend:255 - Standard Zip Deflate
2025-02-16 14:52:11,660 [INFO] ServerAccessManage:473 - Download File PacksControlFlags.xml
2025-02-16 14:52:12,553 [INFO] ServerAccessManage:473 - Download File cubemx.pidx
2025-02-16 14:52:12,914 [INFO] WebApp:168 - Instantiating new browser for Auth
2025-02-16 14:52:14,835 [INFO] WebApp:449 - Apply proxy settings
2025-02-16 14:52:14,835 [INFO] WebApp:534 - Chromium requires no authentication
2025-02-16 14:52:14,863 [INFO] WebApp:477 - Direct internet connection detected
2025-02-16 14:52:14,919 [INFO] WebApp:880 - Register for checkConnection events
2025-02-16 14:52:14,919 [INFO] WebApp:449 - Apply proxy settings
2025-02-16 14:52:14,919 [INFO] WebApp:534 - Chromium requires no authentication
2025-02-16 14:52:14,919 [INFO] WebApp:477 - Direct internet connection detected
2025-02-16 14:52:15,322 [INFO] WebApp:221 - Starting web application
2025-02-16 14:52:15,322 [INFO] WebApp:579 - Web application path used C:\ST\STM32CubeIDE_1.17.0\STM32CubeIDE\plugins\com.st.stm32cube.common.mx_6.13.0.202411220809\db\plugins\mcufinder\reactClient1\index.html
2025-02-16 14:52:15,542 [INFO] UserAuth:486 - Internet connection configuration mode: 1
2025-02-16 14:52:16,260 [INFO] WebApp:187 - Connection restablished
2025-02-16 14:52:18,445 [INFO] ServerAccessManage:473 - Download File STMicroelectronics.X-CUBE-AI.pdsc
2025-02-16 14:52:26,457 [INFO] ServerAccessManage:473 - Download File STMicroelectronics.X-CUBE-IPS.pdsc
2025-02-16 14:53:11,551 [WARN] ServerAccessManage:1168 - Warning during Server Connection :  timeout Read timed out
2025-02-16 14:53:27,870 [INFO] ServerAccessManage:473 - Download File STMicroelectronics.X-CUBE-TOUCHGFX.pdsc
2025-02-16 14:53:33,961 [INFO] WebApp:190 - Connection lost
2025-02-16 14:53:35,960 [INFO] WebApp:187 - Connection restablished
2025-02-16 14:53:37,958 [WARN] PackLoader:240 - Cannot read IP mode file for STMicroelectronics.X-CUBE-AI.10.0.0
2025-02-16 14:53:38,192 [WARN] PackLoader:240 - Cannot read IP mode file for STMicroelectronics.X-CUBE-IPS.3.1.0
2025-02-16 14:53:38,494 [WARN] PackLoader:240 - Cannot read IP mode file for STMicroelectronics.X-CUBE-TOUCHGFX.4.24.2
2025-02-16 14:53:38,495 [INFO] PopulateThirdPartyThread:66 - Ending populate Thread
2025-02-16 14:53:38,497 [INFO] ThirdParty:1030 - CMSIS Pack Vendor :STMicroelectronics X-CUBE-AI 10.0.0
2025-02-16 14:53:38,498 [INFO] ThirdParty:1030 - CMSIS Pack Vendor :STMicroelectronics X-CUBE-IPS 3.1.0
2025-02-16 14:53:38,498 [INFO] ThirdParty:1030 - CMSIS Pack Vendor :STMicroelectronics X-CUBE-TOUCHGFX 4.24.2
2025-02-16 14:53:38,498 [INFO] LoadServerUpdatesThread:375 - End of LoadServerUpdate Thread
2025-02-16 14:53:38,974 [INFO] CheckServerUpdateThread:120 - End of CheckServer Thread
2025-02-16 14:53:40,080 [INFO] WebApp:190 - Connection lost
2025-02-16 14:53:40,401 [INFO] WebApp:187 - Connection restablished
