2025-03-02 13:54:53,278 [INFO] Activator:176 - 


2025-03-02 13:54:53,335 [INFO] Activator:177 - !SESSION log4j initialized
2025-03-02 13:55:05,518 [INFO] LogOutputStream:77 - [STDOUT_REDIRECT] 
2025-03-02 13:55:12,838 [INFO] ApplicationProperties:184 - Using Application install path: C:\ST\STM32CubeIDE_1.17.0\STM32CubeIDE\plugins\com.st.stm32cube.common.mx_6.13.0.202411220809
2025-03-02 13:55:12,874 [INFO] DbMcusXml:78 - Set database path to: C:\ST\STM32CubeIDE_1.17.0\STM32CubeIDE\plugins\com.st.stm32cube.common.mx_6.13.0.202411220809\\db\/mcu/
2025-03-02 13:55:12,874 [INFO] ApiDb:274 - Set plugin database path to: C:\ST\STM32CubeIDE_1.17.0\STM32CubeIDE\plugins\com.st.stm32cube.common.mx_6.13.0.202411220809\\db\/plugins/boardmanager/
2025-03-02 13:55:12,876 [WARN] ApiDb:259 - Overriding images path with different value:  => C:\ST\STM32CubeIDE_1.17.0\STM32CubeIDE\plugins\com.st.stm32cube.common.mx_6.13.0.202411220809\\db\/plugins/mcufinder/images/
2025-03-02 13:55:12,893 [INFO] ApiDb:250 - Set database path to: C:\Users\Admin\.stmcufinder\plugins\mcufinder//mcu/
2025-03-02 13:55:12,895 [INFO] DbMcusAds:125 - Set database path to: C:\Users\Admin\.stmcufinder\plugins\mcufinder//mcu/
2025-03-02 13:55:12,898 [INFO] CrossReferenceDbSqlite:203 - Set database path to: C:\Users\Admin\.stmcufinder\plugins\mcufinder//mcu/cs/
2025-03-02 13:55:13,127 [INFO] RulesReader:64 - Compatibility file has been processed (297 Rules)
2025-03-02 13:55:13,302 [INFO] DbMcusXml:78 - Set database path to: C:\ST\STM32CubeIDE_1.17.0\STM32CubeIDE\plugins\com.st.stm32cube.common.mx_6.13.0.202411220809\\db\/mcu/
2025-03-02 13:55:13,302 [INFO] ApiDb:274 - Set plugin database path to: C:\ST\STM32CubeIDE_1.17.0\STM32CubeIDE\plugins\com.st.stm32cube.common.mx_6.13.0.202411220809\\db\/plugins/boardmanager/
2025-03-02 13:55:13,302 [INFO] ApiDb:261 - Set plugin images path to: C:\ST\STM32CubeIDE_1.17.0\STM32CubeIDE\plugins\com.st.stm32cube.common.mx_6.13.0.202411220809\\db\/plugins/mcufinder/images/
2025-03-02 13:55:13,303 [WARN] DbFile:41 - Overriding database path with different value: C:\Users\Admin\.stmcufinder\plugins\mcufinder/ => C:\Users\Admin\.stmcufinder\plugins\mcufinder
2025-03-02 13:55:13,303 [INFO] ApiDb:250 - Set database path to: C:\Users\Admin\.stmcufinder\plugins\mcufinder//mcu/
2025-03-02 13:55:13,303 [WARN] DbFile:41 - Overriding database path with different value: C:\Users\Admin\.stmcufinder\plugins\mcufinder/ => C:\Users\Admin\.stmcufinder\plugins\mcufinder
2025-03-02 13:55:13,303 [INFO] DbMcusAds:125 - Set database path to: C:\Users\Admin\.stmcufinder\plugins\mcufinder//mcu/
2025-03-02 13:55:13,303 [WARN] DbFile:41 - Overriding database path with different value: C:\Users\Admin\.stmcufinder\plugins\mcufinder/ => C:\Users\Admin\.stmcufinder\plugins\mcufinder
2025-03-02 13:55:13,303 [WARN] DbFile:41 - Overriding database path with different value: C:\Users\Admin\.stmcufinder\plugins\mcufinder/ => C:\Users\Admin\.stmcufinder\plugins\mcufinder
2025-03-02 13:55:13,303 [INFO] CrossReferenceDbSqlite:203 - Set database path to: C:\Users\Admin\.stmcufinder\plugins\mcufinder//mcu/cs/
2025-03-02 13:55:13,430 [INFO] MainPanel:272 - HeapMemory: 268435456
2025-03-02 13:55:13,636 [INFO] DbMcusXml:78 - Set database path to: C:\ST\STM32CubeIDE_1.17.0\STM32CubeIDE\plugins\com.st.stm32cube.common.mx_6.13.0.202411220809\\db\/mcu/
2025-03-02 13:55:13,637 [INFO] ApiDb:274 - Set plugin database path to: C:\ST\STM32CubeIDE_1.17.0\STM32CubeIDE\plugins\com.st.stm32cube.common.mx_6.13.0.202411220809\\db\/plugins/boardmanager/
2025-03-02 13:55:13,637 [INFO] ApiDb:261 - Set plugin images path to: C:\ST\STM32CubeIDE_1.17.0\STM32CubeIDE\plugins\com.st.stm32cube.common.mx_6.13.0.202411220809\\db\/plugins/mcufinder/images/
2025-03-02 13:55:13,637 [WARN] DbFile:41 - Overriding database path with different value: C:\Users\Admin\.stmcufinder\plugins\mcufinder/ => C:\Users\Admin\.stmcufinder\plugins\mcufinder
2025-03-02 13:55:13,638 [INFO] ApiDb:250 - Set database path to: C:\Users\Admin\.stmcufinder\plugins\mcufinder//mcu/
2025-03-02 13:55:13,638 [WARN] DbFile:41 - Overriding database path with different value: C:\Users\Admin\.stmcufinder\plugins\mcufinder/ => C:\Users\Admin\.stmcufinder\plugins\mcufinder
2025-03-02 13:55:13,639 [INFO] DbMcusAds:125 - Set database path to: C:\Users\Admin\.stmcufinder\plugins\mcufinder//mcu/
2025-03-02 13:55:13,639 [WARN] DbFile:41 - Overriding database path with different value: C:\Users\Admin\.stmcufinder\plugins\mcufinder/ => C:\Users\Admin\.stmcufinder\plugins\mcufinder
2025-03-02 13:55:13,640 [WARN] DbFile:41 - Overriding database path with different value: C:\Users\Admin\.stmcufinder\plugins\mcufinder/ => C:\Users\Admin\.stmcufinder\plugins\mcufinder
2025-03-02 13:55:13,640 [INFO] CrossReferenceDbSqlite:203 - Set database path to: C:\Users\Admin\.stmcufinder\plugins\mcufinder//mcu/cs/
2025-03-02 13:55:13,678 [INFO] ApplicationProperties:184 - Using Application install path: C:\ST\STM32CubeIDE_1.17.0\STM32CubeIDE\plugins\com.st.stm32cube.common.mx_6.13.0.202411220809
2025-03-02 13:55:13,680 [INFO] PluginManage:196 - Search for loadable plugins [exclusion list=, ]
2025-03-02 13:55:13,683 [INFO] PluginManage:310 - Check plugin analytics
2025-03-02 13:55:18,667 [INFO] AnalyticsPlugin:253 - Accepted Software Licenses: 
2025-03-02 13:55:18,667 [INFO] AnalyticsPlugin:255 - Accepted CMSIS Pack Licenses: 
2025-03-02 13:55:18,668 [INFO] AnalyticsPlugin:257 - Accepted Firmware Licenses: FW.C0.1.3.0,FW.F4.1.28.0
2025-03-02 13:55:18,676 [INFO] PluginManage:359 - Loaded plugin analytics (category:tool,tabindex:-1)
2025-03-02 13:55:18,678 [INFO] PluginManage:310 - Check plugin cadmodel
2025-03-02 13:55:18,691 [INFO] CADModel:105 - Init CAD model plugin
2025-03-02 13:55:18,692 [INFO] PluginManage:359 - Loaded plugin cadmodel (category:power,tabindex:5)
2025-03-02 13:55:18,692 [INFO] PluginManage:310 - Check plugin clock
2025-03-02 13:55:18,715 [INFO] PluginManage:359 - Loaded plugin clock (category:base,tabindex:2)
2025-03-02 13:55:18,715 [INFO] PluginManage:310 - Check plugin ddr
2025-03-02 13:55:18,721 [INFO] PluginManage:359 - Loaded plugin ddr (category:tool,tabindex:6)
2025-03-02 13:55:18,721 [INFO] PluginManage:310 - Check plugin filemanager
2025-03-02 13:55:19,075 [INFO] PluginManage:359 - Loaded plugin filemanager (category:base,tabindex:10)
2025-03-02 13:55:19,076 [INFO] PluginManage:310 - Check plugin ipmanager
2025-03-02 13:55:19,098 [INFO] PluginManage:359 - Loaded plugin ipmanager (category:base,tabindex:5)
2025-03-02 13:55:19,098 [INFO] PluginManage:310 - Check plugin lpbam
2025-03-02 13:55:19,114 [INFO] PluginManage:359 - Loaded plugin lpbam (category:base,tabindex:0)
2025-03-02 13:55:19,114 [INFO] PluginManage:310 - Check plugin memorymap
2025-03-02 13:55:19,142 [INFO] PluginManage:359 - Loaded plugin memorymap (category:base,tabindex:4)
2025-03-02 13:55:19,143 [INFO] PluginManage:310 - Check plugin pinoutandconfiguration
2025-03-02 13:55:19,161 [INFO] PluginManage:359 - Loaded plugin pinoutandconfiguration (category:base,tabindex:1)
2025-03-02 13:55:19,161 [INFO] PluginManage:310 - Check plugin pinoutconfig
2025-03-02 13:55:19,344 [WARN] SupportedApi:132 - Cannot load RTOS API schema: s4s-elt-must-match.1: The content of 'definitions' must match (annotation?, (simpleType | complexType)?, (unique | key | keyref)*)). A problem was found starting at: attribute.
2025-03-02 13:55:19,591 [INFO] PluginManage:359 - Loaded plugin pinoutconfig (category:base,tabindex:0)
2025-03-02 13:55:19,591 [INFO] PluginManage:310 - Check plugin power
2025-03-02 13:55:19,617 [INFO] PluginManage:359 - Loaded plugin power (category:power,tabindex:4)
2025-03-02 13:55:19,617 [INFO] PluginManage:310 - Check plugin projectmanager
2025-03-02 13:55:19,660 [INFO] PluginManage:359 - Loaded plugin projectmanager (category:projectmanager,tabindex:4)
2025-03-02 13:55:19,660 [INFO] PluginManage:310 - Check plugin rif
2025-03-02 13:55:19,683 [INFO] PluginManage:359 - Loaded plugin rif (category:base,tabindex:3)
2025-03-02 13:55:19,683 [INFO] PluginManage:310 - Check plugin thirdparty
2025-03-02 13:55:19,984 [INFO] PluginManage:359 - Loaded plugin thirdparty (category:base,tabindex:-1)
2025-03-02 13:55:19,985 [INFO] PluginManage:310 - Check plugin tools
2025-03-02 13:55:19,990 [INFO] PluginManage:359 - Loaded plugin tools (category:base,tabindex:7)
2025-03-02 13:55:19,990 [INFO] PluginManage:310 - Check plugin tutovideos
2025-03-02 13:55:19,997 [WARN] IntegrityCheckThread:84 - waiting for thirdparty lock release [integrity check]
2025-03-02 13:55:19,998 [INFO] IntegrityCheckThread:86 - entering critical section [integrity check]
2025-03-02 13:55:20,003 [INFO] ThirdPartyUpdaterWithRetryManager:70 - Updater plugin not ready yet. [1/15]
2025-03-02 13:55:20,291 [INFO] PluginManage:359 - Loaded plugin tutovideos (category:base,tabindex:-1)
2025-03-02 13:55:20,292 [INFO] PluginManage:310 - Check plugin updater
2025-03-02 13:55:20,341 [INFO] PluginManage:359 - Loaded plugin updater (category:base,tabindex:12)
2025-03-02 13:55:20,341 [INFO] PluginManage:310 - Check plugin userauth
2025-03-02 13:55:20,349 [INFO] UserAuth:118 - Init User Auth plugin
2025-03-02 13:55:20,350 [INFO] PluginManage:359 - Loaded plugin userauth (category:base,tabindex:14)
2025-03-02 13:55:20,351 [INFO] PluginManage:283 - PluginManage : Loaded plugins [18]
2025-03-02 13:55:20,721 [INFO] PinOutPanel:1589 - setPackage(No Configuration,No Configuration)
2025-03-02 13:55:20,894 [INFO] CADModel:165 - CPN selected for project level
2025-03-02 13:55:20,894 [INFO] CADModel:114 - Register for checkConnection events
2025-03-02 13:55:20,921 [INFO] IPUIPlugin:80 - create IPUIPlugin
2025-03-02 13:55:20,921 [INFO] PluginManager:220 - loadIPPluginJar : add adc
2025-03-02 13:55:20,927 [INFO] IPUIPlugin:80 - create IPUIPlugin
2025-03-02 13:55:20,927 [INFO] PluginManager:220 - loadIPPluginJar : add aes
2025-03-02 13:55:20,932 [INFO] IPUIPlugin:80 - create IPUIPlugin
2025-03-02 13:55:20,933 [INFO] PluginManager:220 - loadIPPluginJar : add can
2025-03-02 13:55:20,936 [INFO] IPUIPlugin:80 - create IPUIPlugin
2025-03-02 13:55:20,936 [INFO] PluginManager:220 - loadIPPluginJar : add comp
2025-03-02 13:55:20,940 [INFO] IPUIPlugin:80 - create IPUIPlugin
2025-03-02 13:55:20,940 [INFO] PluginManager:220 - loadIPPluginJar : add cryp
2025-03-02 13:55:20,947 [INFO] IPUIPlugin:80 - create IPUIPlugin
2025-03-02 13:55:20,947 [INFO] PluginManager:220 - loadIPPluginJar : add ddr_ctrl_phy
2025-03-02 13:55:20,952 [INFO] IPUIPlugin:80 - create IPUIPlugin
2025-03-02 13:55:20,953 [INFO] PluginManager:220 - loadIPPluginJar : add dfsdm
2025-03-02 13:55:20,962 [INFO] IPUIPlugin:80 - create IPUIPlugin
2025-03-02 13:55:20,963 [INFO] PluginManager:220 - loadIPPluginJar : add dma
2025-03-02 13:55:20,968 [INFO] IPUIPlugin:80 - create IPUIPlugin
2025-03-02 13:55:20,969 [INFO] PluginManager:220 - loadIPPluginJar : add dma3
2025-03-02 13:55:20,975 [INFO] IPUIPlugin:80 - create IPUIPlugin
2025-03-02 13:55:20,975 [INFO] PluginManager:220 - loadIPPluginJar : add extmemmanager
2025-03-02 13:55:20,978 [INFO] IPUIPlugin:80 - create IPUIPlugin
2025-03-02 13:55:20,979 [INFO] PluginManager:220 - loadIPPluginJar : add fatfs
2025-03-02 13:55:20,988 [INFO] IPUIPlugin:80 - create IPUIPlugin
2025-03-02 13:55:20,988 [INFO] PluginManager:220 - loadIPPluginJar : add fmc
2025-03-02 13:55:20,998 [INFO] IPUIPlugin:80 - create IPUIPlugin
2025-03-02 13:55:20,999 [INFO] PluginManager:220 - loadIPPluginJar : add freertos
2025-03-02 13:55:21,002 [INFO] IPUIPlugin:80 - create IPUIPlugin
2025-03-02 13:55:21,002 [INFO] PluginManager:220 - loadIPPluginJar : add genericplugin
2025-03-02 13:55:21,005 [INFO] IPUIPlugin:80 - create IPUIPlugin
2025-03-02 13:55:21,006 [INFO] PluginManager:220 - loadIPPluginJar : add gfxmmu
2025-03-02 13:55:21,013 [INFO] IPUIPlugin:80 - create IPUIPlugin
2025-03-02 13:55:21,013 [INFO] PluginManager:220 - loadIPPluginJar : add gic
2025-03-02 13:55:21,020 [INFO] IPUIPlugin:80 - create IPUIPlugin
2025-03-02 13:55:21,020 [INFO] PluginManager:220 - loadIPPluginJar : add gpio
2025-03-02 13:55:21,026 [INFO] IPUIPlugin:80 - create IPUIPlugin
2025-03-02 13:55:21,026 [INFO] PluginManager:220 - loadIPPluginJar : add gtzc
2025-03-02 13:55:21,031 [INFO] IPUIPlugin:80 - create IPUIPlugin
2025-03-02 13:55:21,031 [INFO] PluginManager:220 - loadIPPluginJar : add hash
2025-03-02 13:55:21,037 [INFO] IPUIPlugin:80 - create IPUIPlugin
2025-03-02 13:55:21,037 [INFO] PluginManager:220 - loadIPPluginJar : add i2c
2025-03-02 13:55:21,043 [INFO] IPUIPlugin:80 - create IPUIPlugin
2025-03-02 13:55:21,044 [INFO] PluginManager:220 - loadIPPluginJar : add i2s
2025-03-02 13:55:21,050 [INFO] IPUIPlugin:80 - create IPUIPlugin
2025-03-02 13:55:21,050 [INFO] PluginManager:220 - loadIPPluginJar : add i3c
2025-03-02 13:55:21,056 [INFO] IPUIPlugin:80 - create IPUIPlugin
2025-03-02 13:55:21,057 [INFO] PluginManager:220 - loadIPPluginJar : add ipddr
2025-03-02 13:55:21,067 [INFO] IPUIPlugin:80 - create IPUIPlugin
2025-03-02 13:55:21,067 [INFO] PluginManager:220 - loadIPPluginJar : add linkedlist
2025-03-02 13:55:21,073 [INFO] IPUIPlugin:80 - create IPUIPlugin
2025-03-02 13:55:21,074 [INFO] PluginManager:220 - loadIPPluginJar : add lorawan
2025-03-02 13:55:21,077 [INFO] IPUIPlugin:80 - create IPUIPlugin
2025-03-02 13:55:21,077 [INFO] PluginManager:220 - loadIPPluginJar : add ltdc
2025-03-02 13:55:21,090 [INFO] IPUIPlugin:80 - create IPUIPlugin
2025-03-02 13:55:21,090 [INFO] PluginManager:220 - loadIPPluginJar : add mdma
2025-03-02 13:55:21,097 [INFO] IPUIPlugin:80 - create IPUIPlugin
2025-03-02 13:55:21,097 [INFO] PluginManager:220 - loadIPPluginJar : add nvic
2025-03-02 13:55:21,104 [INFO] IPUIPlugin:80 - create IPUIPlugin
2025-03-02 13:55:21,105 [INFO] PluginManager:220 - loadIPPluginJar : add opamp
2025-03-02 13:55:21,111 [INFO] IPUIPlugin:80 - create IPUIPlugin
2025-03-02 13:55:21,112 [INFO] PluginManager:220 - loadIPPluginJar : add openamp
2025-03-02 13:55:21,118 [INFO] IPUIPlugin:80 - create IPUIPlugin
2025-03-02 13:55:21,119 [INFO] PluginManager:220 - loadIPPluginJar : add pdm2pcm
2025-03-02 13:55:21,130 [INFO] IPUIPlugin:80 - create IPUIPlugin
2025-03-02 13:55:21,135 [INFO] PluginManager:220 - loadIPPluginJar : add plateformsettings
2025-03-02 13:55:21,138 [INFO] IPUIPlugin:80 - create IPUIPlugin
2025-03-02 13:55:21,139 [INFO] PluginManager:220 - loadIPPluginJar : add quadspi
2025-03-02 13:55:21,143 [INFO] IPUIPlugin:80 - create IPUIPlugin
2025-03-02 13:55:21,144 [INFO] PluginManager:220 - loadIPPluginJar : add radio
2025-03-02 13:55:21,151 [INFO] IPUIPlugin:80 - create IPUIPlugin
2025-03-02 13:55:21,152 [INFO] PluginManager:220 - loadIPPluginJar : add resmgrutility
2025-03-02 13:55:21,159 [INFO] IPUIPlugin:80 - create IPUIPlugin
2025-03-02 13:55:21,159 [INFO] PluginManager:220 - loadIPPluginJar : add sai
2025-03-02 13:55:21,165 [INFO] IPUIPlugin:80 - create IPUIPlugin
2025-03-02 13:55:21,165 [INFO] PluginManager:220 - loadIPPluginJar : add spi
2025-03-02 13:55:21,175 [INFO] IPUIPlugin:80 - create IPUIPlugin
2025-03-02 13:55:21,175 [INFO] PluginManager:220 - loadIPPluginJar : add stm32_wpan
2025-03-02 13:55:21,179 [INFO] IPUIPlugin:80 - create IPUIPlugin
2025-03-02 13:55:21,179 [INFO] PluginManager:220 - loadIPPluginJar : add tim
2025-03-02 13:55:21,186 [INFO] IPUIPlugin:80 - create IPUIPlugin
2025-03-02 13:55:21,186 [INFO] PluginManager:220 - loadIPPluginJar : add touchsensing
2025-03-02 13:55:21,191 [INFO] IPUIPlugin:80 - create IPUIPlugin
2025-03-02 13:55:21,191 [INFO] PluginManager:220 - loadIPPluginJar : add tracer_emb
2025-03-02 13:55:21,196 [INFO] IPUIPlugin:80 - create IPUIPlugin
2025-03-02 13:55:21,196 [INFO] PluginManager:220 - loadIPPluginJar : add ts
2025-03-02 13:55:21,200 [INFO] IPUIPlugin:80 - create IPUIPlugin
2025-03-02 13:55:21,200 [INFO] PluginManager:220 - loadIPPluginJar : add tsc
2025-03-02 13:55:21,204 [INFO] IPUIPlugin:80 - create IPUIPlugin
2025-03-02 13:55:21,205 [INFO] PluginManager:220 - loadIPPluginJar : add ucpd
2025-03-02 13:55:21,211 [INFO] IPUIPlugin:80 - create IPUIPlugin
2025-03-02 13:55:21,211 [INFO] PluginManager:220 - loadIPPluginJar : add usart
2025-03-02 13:55:21,217 [INFO] IPUIPlugin:80 - create IPUIPlugin
2025-03-02 13:55:21,217 [INFO] PluginManager:220 - loadIPPluginJar : add usbx
2025-03-02 13:55:21,384 [FATAL] Updater:351 - Updater called before beeing initialized
2025-03-02 13:55:21,439 [INFO] RulesReader:64 - Compatibility file has been processed (297 Rules)
2025-03-02 13:55:21,454 [INFO] RulesReader:64 - Compatibility file has been processed (297 Rules)
2025-03-02 13:55:21,465 [INFO] CADModel:165 - CPN selected for project level
2025-03-02 13:55:21,465 [INFO] CADModel:114 - Register for checkConnection events
2025-03-02 13:55:21,466 [FATAL] Updater:351 - Updater called before beeing initialized
2025-03-02 13:55:21,466 [ERROR] CADModel:125 - Updater not yet initialized, retry later 
2025-03-02 13:55:21,709 [FATAL] Updater:351 - Updater called before beeing initialized
2025-03-02 13:55:21,712 [INFO] CADModel:165 - CPN selected for project level
2025-03-02 13:55:21,712 [INFO] CADModel:114 - Register for checkConnection events
2025-03-02 13:55:21,712 [FATAL] Updater:351 - Updater called before beeing initialized
2025-03-02 13:55:21,712 [ERROR] CADModel:125 - Updater not yet initialized, retry later 
2025-03-02 13:55:21,717 [FATAL] Updater:351 - Updater called before beeing initialized
2025-03-02 13:55:21,904 [FATAL] Updater:351 - Updater called before beeing initialized
2025-03-02 13:55:21,910 [INFO] DbMcusAds:53 - JSON generation date=Tue Dec 17 21:31:15 IST 2024 (1734451275111)
2025-03-02 13:55:21,910 [FATAL] Updater:351 - Updater called before beeing initialized
2025-03-02 13:55:21,969 [WARN] DetailPanel:346 - Failed to get advertising image, set to default
2025-03-02 13:55:22,347 [FATAL] Updater:351 - Updater called before beeing initialized
2025-03-02 13:55:22,350 [FATAL] Updater:351 - Updater called before beeing initialized
2025-03-02 13:55:22,350 [FATAL] Updater:351 - Updater called before beeing initialized
2025-03-02 13:55:22,350 [WARN] DetailPanel:346 - Failed to get advertising image, set to default
2025-03-02 13:55:22,352 [FATAL] Updater:351 - Updater called before beeing initialized
2025-03-02 13:55:22,441 [ERROR] Updater:1198 - MainUpdater not yet initialized. External WinMGr cannot be set.
2025-03-02 13:55:22,445 [INFO] Updater:1134 - Updater Version found : 6.13.0
2025-03-02 13:55:22,476 [INFO] ApplicationProperties:184 - Using Application install path: C:\ST\STM32CubeIDE_1.17.0\STM32CubeIDE\plugins\com.st.stm32cube.common.mx_6.13.0.202411220809
2025-03-02 13:55:23,003 [INFO] ThirdPartyUpdaterWithRetryManager:70 - Updater plugin not ready yet. [2/15]
2025-03-02 13:55:24,062 [ERROR] LogOutputStream:75 - [STDERR_REDIRECT] Mar 02, 2025 1:55:24 PM java.util.prefs.WindowsPreferences <init>
2025-03-02 13:55:24,064 [ERROR] LogOutputStream:75 - [STDERR_REDIRECT] WARNING: Could not open/create prefs root node Software\JavaSoft\Prefs at root 0xffffffff80000002. Windows RegCreateKeyEx(...) returned error code 5.
2025-03-02 13:55:24,064 [ERROR] LogOutputStream:75 - [STDERR_REDIRECT] 
2025-03-02 13:55:24,635 [INFO] MainUpdater:2872 - connection check result : 10
2025-03-02 13:55:24,636 [INFO] MainUpdater:3566 - Updater definition file requires update
2025-03-02 13:55:24,637 [INFO] MainUpdater:289 - Updater Check For Update Now.
2025-03-02 13:55:24,637 [INFO] MicroXplorer:498 - Change Database Version : DB.6.0.130
2025-03-02 13:55:24,651 [INFO] McuFinderGlobals:63 - Set McuFinder mode to 2 (CubeIDE integrated)
2025-03-02 13:55:24,654 [INFO] UserAuth:486 - Internet connection configuration mode: 1
2025-03-02 13:55:24,716 [INFO] JxBrowserEngine:152 - Initiate JxBrowser Engine with user profile folder
2025-03-02 13:55:24,752 [INFO] ServerAccessManage:473 - Download File updaters.zip
2025-03-02 13:55:24,976 [INFO] FileExtend:240 - Unzip File : updaters.zip
2025-03-02 13:55:24,976 [INFO] FileExtend:255 - Standard Zip Deflate
2025-03-02 13:55:25,890 [INFO] ServerAccessManage:473 - Download File PacksControlFlags.xml
2025-03-02 13:55:26,006 [WARN] MainUpdater:1193 - Updater busy. Cannot search thirdparties
2025-03-02 13:55:26,006 [INFO] ThirdPartyUpdaterWithRetryManager:96 - Updater plugin is busy. [1/15]
2025-03-02 13:55:26,399 [INFO] ServerAccessManage:473 - Download File cubemx.pidx
2025-03-02 13:55:26,929 [INFO] ServerAccessManage:473 - Download File STMicroelectronics.FP-ATR-ASTRA1.pdsc
2025-03-02 13:55:27,502 [INFO] WebApp:168 - Instantiating new browser for Auth
2025-03-02 13:55:28,894 [INFO] WebApp:449 - Apply proxy settings
2025-03-02 13:55:28,894 [INFO] WebApp:534 - Chromium requires no authentication
2025-03-02 13:55:28,912 [INFO] WebApp:477 - Direct internet connection detected
2025-03-02 13:55:28,960 [INFO] WebApp:880 - Register for checkConnection events
2025-03-02 13:55:28,960 [INFO] WebApp:449 - Apply proxy settings
2025-03-02 13:55:28,960 [INFO] WebApp:534 - Chromium requires no authentication
2025-03-02 13:55:28,960 [INFO] WebApp:477 - Direct internet connection detected
2025-03-02 13:55:29,008 [WARN] MainUpdater:1193 - Updater busy. Cannot search thirdparties
2025-03-02 13:55:29,008 [INFO] ThirdPartyUpdaterWithRetryManager:96 - Updater plugin is busy. [2/15]
2025-03-02 13:55:29,407 [INFO] WebApp:221 - Starting web application
2025-03-02 13:55:29,408 [INFO] WebApp:579 - Web application path used C:\ST\STM32CubeIDE_1.17.0\STM32CubeIDE\plugins\com.st.stm32cube.common.mx_6.13.0.202411220809\db\plugins\mcufinder\reactClient1\index.html
2025-03-02 13:55:29,419 [INFO] WebApp:187 - Connection restablished
2025-03-02 13:55:32,072 [WARN] MainUpdater:1193 - Updater busy. Cannot search thirdparties
2025-03-02 13:55:32,072 [INFO] ThirdPartyUpdaterWithRetryManager:96 - Updater plugin is busy. [3/15]
2025-03-02 13:55:32,388 [INFO] UserAuth:486 - Internet connection configuration mode: 1
2025-03-02 13:55:32,762 [WARN] PackLoader:240 - Cannot read IP mode file for STMicroelectronics.FP-ATR-ASTRA1.2.0.2
2025-03-02 13:55:32,765 [INFO] PopulateThirdPartyThread:66 - Ending populate Thread
2025-03-02 13:55:32,766 [INFO] ThirdParty:1030 - CMSIS Pack Vendor :STMicroelectronics FP-ATR-ASTRA1 2.0.2
2025-03-02 13:55:32,766 [INFO] LoadServerUpdatesThread:375 - End of LoadServerUpdate Thread
2025-03-02 13:55:33,218 [INFO] CheckServerUpdateThread:120 - End of CheckServer Thread
2025-03-02 13:55:35,686 [WARN] PackLoader:240 - Cannot read IP mode file for STMicroelectronics.FP-SNS-MOTENVWB1.1.4.0
2025-03-02 13:55:35,697 [WARN] PackLoader:240 - Cannot read IP mode file for STMicroelectronics.FP-ATR-ASTRA1.2.0.2
2025-03-02 13:55:35,704 [WARN] PackLoader:240 - Cannot read IP mode file for STMicroelectronics.FP-ATR-ASTRA1.2.0.1
2025-03-02 13:55:35,719 [WARN] PackLoader:240 - Cannot read IP mode file for STMicroelectronics.X-CUBE-SMBUS.2.1.0
2025-03-02 13:55:35,735 [WARN] PackLoader:240 - Cannot read IP mode file for STMicroelectronics.X-CUBE-WB05N.1.1.0
2025-03-02 13:55:35,788 [WARN] PackLoader:240 - Cannot read IP mode file for STMicroelectronics.X-CUBE-AZRTOS-F7.1.1.0
2025-03-02 13:55:35,805 [WARN] PackLoader:240 - Cannot read IP mode file for STMicroelectronics.FP-SNS-FLIGHT1.5.0.2
2025-03-02 13:55:35,862 [WARN] PackLoader:240 - Cannot read IP mode file for Infineon.AIROC-Wi-Fi-Bluetooth-STM32.1.7.0
2025-03-02 13:55:35,891 [WARN] PackLoader:240 - Cannot read IP mode file for STMicroelectronics.X-CUBE-DISPLAY.3.0.0
2025-03-02 13:55:35,912 [WARN] PackLoader:240 - Cannot read IP mode file for STMicroelectronics.X-CUBE-BLE1.7.0.0
2025-03-02 13:55:35,927 [WARN] PackLoader:240 - Cannot read IP mode file for STMicroelectronics.X-CUBE-NFC10.1.0.0
2025-03-02 13:55:35,954 [WARN] PackLoader:240 - Cannot read IP mode file for STMicroelectronics.X-CUBE-BLEMGR.4.0.0
2025-03-02 13:55:35,974 [WARN] PackLoader:240 - Cannot read IP mode file for emotas.I-CUBE-CANOPEN.1.3.0
2025-03-02 13:55:35,982 [WARN] PackLoader:240 - Cannot read IP mode file for STMicroelectronics.X-CUBE-AI.10.0.0
2025-03-02 13:55:35,993 [WARN] PackLoader:240 - Cannot read IP mode file for STMicroelectronics.FP-SNS-SMARTAG2.1.2.0
2025-03-02 13:55:36,165 [WARN] PackLoader:240 - Cannot read IP mode file for STMicroelectronics.X-CUBE-MEMS1.11.1.0
2025-03-02 13:55:36,420 [INFO] LogOutputStream:77 - [STDOUT_REDIRECT] 1 : Invalid condition id : UX_CORESTACK_Condition cause : null
2025-03-02 13:55:36,421 [INFO] LogOutputStream:77 - [STDOUT_REDIRECT] 1 : Invalid condition id : UX_CORESTACK_Condition cause : null
2025-03-02 13:55:36,427 [INFO] LogOutputStream:77 - [STDOUT_REDIRECT] 1 : Invalid condition id : UX_CORESTACK_Condition cause : null
2025-03-02 13:55:36,430 [INFO] LogOutputStream:77 - [STDOUT_REDIRECT] 1 : Invalid condition id : UX_CORESTACK_Condition cause : null
2025-03-02 13:55:36,432 [INFO] LogOutputStream:77 - [STDOUT_REDIRECT] 1 : Invalid condition id : UX_CORESTACK_Condition cause : null
2025-03-02 13:55:36,437 [WARN] PackLoader:240 - Cannot read IP mode file for STMicroelectronics.X-CUBE-AZRTOS-WL.2.0.0
2025-03-02 13:55:36,447 [WARN] PackLoader:240 - Cannot read IP mode file for STMicroelectronics.FP-SNS-MOTENV1.5.0.0
2025-03-02 13:55:36,455 [WARN] PackLoader:240 - Cannot read IP mode file for wolfSSL.I-CUBE-wolfMQTT.1.19.0
2025-03-02 13:55:36,465 [WARN] PackLoader:240 - Cannot read IP mode file for WES.I-CUBE-Cesium.1.3.0
2025-03-02 13:55:36,472 [WARN] PackLoader:240 - Cannot read IP mode file for STMicroelectronics.X-CUBE-BLE2.3.3.0
2025-03-02 13:55:36,485 [WARN] PackLoader:240 - Cannot read IP mode file for STMicroelectronics.X-CUBE-NFC9.1.0.0
2025-03-02 13:55:36,511 [WARN] PackLoader:240 - Cannot read IP mode file for STMicroelectronics.X-CUBE-AZRTOS-G0.1.1.0
2025-03-02 13:55:36,561 [WARN] PackLoader:240 - Cannot read IP mode file for STMicroelectronics.X-CUBE-SAFEA1.1.2.2
2025-03-02 13:55:36,571 [WARN] PackLoader:240 - Cannot read IP mode file for STMicroelectronics.X-CUBE-NFC4.3.0.0
2025-03-02 13:55:36,588 [WARN] PackLoader:240 - Cannot read IP mode file for EmbeddedOffice.I-CUBE-FS-RTOS.1.0.1
2025-03-02 13:55:36,601 [WARN] PackLoader:240 - Cannot read IP mode file for STMicroelectronics.X-CUBE-TCPP.4.2.0
2025-03-02 13:55:36,696 [WARN] PackLoader:240 - Cannot read IP mode file for RealThread.X-CUBE-RT-Thread_Nano.4.1.1
2025-03-02 13:55:36,703 [WARN] PackLoader:240 - Cannot read IP mode file for STMicroelectronics.FP-ATR-SIGFOX1.3.2.0
2025-03-02 13:55:36,711 [WARN] ConditionMgr:438 - getConditionDescription Invalid condition id : Cortex-A Device cause : null
2025-03-02 13:55:36,734 [WARN] ConditionMgr:1044 - genDependencies : Invalid condition id : Cortex-A Device cause : null
2025-03-02 13:55:36,734 [WARN] ConditionMgr:1044 - genDependencies : Invalid condition id : Cortex-A Device cause : null
2025-03-02 13:55:36,734 [WARN] ConditionMgr:1044 - genDependencies : Invalid condition id : Cortex-A Device cause : null
2025-03-02 13:55:36,752 [WARN] PackLoader:240 - Cannot read IP mode file for STMicroelectronics.X-CUBE-EEPRMA1.5.1.0
2025-03-02 13:55:36,766 [WARN] PackLoader:240 - Cannot read IP mode file for wolfSSL.I-CUBE-wolfSSL.5.7.4
2025-03-02 13:55:36,779 [WARN] PackLoader:240 - Cannot read IP mode file for ITTIA_DB.I-CUBE-ITTIADB.8.9.0
2025-03-02 13:55:36,871 [WARN] PackLoader:240 - Cannot read IP mode file for SEGGER.I-CUBE-embOS.1.3.1
2025-03-02 13:55:36,952 [WARN] PackLoader:240 - Cannot read IP mode file for STMicroelectronics.X-CUBE-ALGOBUILD.1.4.0
2025-03-02 13:55:36,959 [WARN] PackLoader:240 - Cannot read IP mode file for STMicroelectronics.X-CUBE-AI.9.1.0
2025-03-02 13:55:37,006 [WARN] PackLoader:240 - Cannot read IP mode file for STMicroelectronics.X-CUBE-AZRTOS-F4.1.1.0
2025-03-02 13:55:37,016 [WARN] PackLoader:240 - Cannot read IP mode file for STMicroelectronics.X-CUBE-ISPU.2.1.0
2025-03-02 13:55:37,043 [WARN] PackLoader:240 - Cannot read IP mode file for STMicroelectronics.X-CUBE-AZRTOS-L5.2.0.0
2025-03-02 13:55:37,059 [WARN] PackLoader:240 - Cannot read IP mode file for STMicroelectronics.X-CUBE-NFC6.3.1.0
2025-03-02 13:55:37,069 [WARN] PackLoader:240 - Cannot read IP mode file for STMicroelectronics.X-CUBE-DPower.1.2.0
2025-03-02 13:55:37,079 [WARN] PackLoader:240 - Cannot read IP mode file for STMicroelectronics.X-CUBE-FREERTOS.1.3.0
2025-03-02 13:55:37,088 [WARN] PackLoader:240 - Cannot read IP mode file for STMicroelectronics.X-CUBE-NFC7.1.0.1
2025-03-02 13:55:37,118 [WARN] ConditionMgr:438 - getConditionDescription Invalid condition id : LAN8742 Phy interface Condition cause : null
2025-03-02 13:55:37,119 [WARN] PackLoader:240 - Cannot read IP mode file for STMicroelectronics.X-CUBE-AZRTOS-L4.2.0.0
2025-03-02 13:55:37,120 [WARN] ConditionMgr:1044 - genDependencies : Invalid condition id : LAN8742 Phy interface Condition cause : null
2025-03-02 13:55:37,121 [WARN] ConditionMgr:1044 - genDependencies : Invalid condition id : LAN8742 Phy interface Condition cause : null
2025-03-02 13:55:37,122 [WARN] ConditionMgr:1044 - genDependencies : Invalid condition id : LAN8742 Phy interface Condition cause : null
2025-03-02 13:55:37,135 [WARN] PackLoader:240 - Cannot read IP mode file for STMicroelectronics.X-CUBE-SFXS2LP1.4.0.0
2025-03-02 13:55:37,169 [WARN] PackLoader:240 - Cannot read IP mode file for STMicroelectronics.X-CUBE-AZRTOS-H7.3.3.0
2025-03-02 13:55:37,197 [WARN] PackLoader:240 - Cannot read IP mode file for STMicroelectronics.X-CUBE-IPS.3.0.0
2025-03-02 13:55:37,220 [WARN] ConditionMgr:438 - getConditionDescription Invalid condition id : UX DEVICE CLASS RTOS Condition cause : null
2025-03-02 13:55:37,220 [WARN] ConditionMgr:438 - getConditionDescription Invalid condition id : UX DEVICE CLASS RTOS Condition cause : null
2025-03-02 13:55:37,222 [WARN] PackLoader:240 - Cannot read IP mode file for STMicroelectronics.X-CUBE-AZRTOS-WB.2.0.0
2025-03-02 13:55:37,222 [WARN] ConditionMgr:1044 - genDependencies : Invalid condition id : UX DEVICE CLASS RTOS Condition cause : null
2025-03-02 13:55:37,223 [WARN] ConditionMgr:1044 - genDependencies : Invalid condition id : UX DEVICE CLASS RTOS Condition cause : null
2025-03-02 13:55:37,223 [WARN] ConditionMgr:1044 - genDependencies : Invalid condition id : UX DEVICE CLASS RTOS Condition cause : null
2025-03-02 13:55:37,224 [WARN] ConditionMgr:1044 - genDependencies : Invalid condition id : UX DEVICE CLASS RTOS Condition cause : null
2025-03-02 13:55:37,224 [WARN] ConditionMgr:1044 - genDependencies : Invalid condition id : UX DEVICE CLASS RTOS Condition cause : null
2025-03-02 13:55:37,235 [WARN] PackLoader:240 - Cannot read IP mode file for STMicroelectronics.X-CUBE-GNSS1.7.0.1
2025-03-02 13:55:37,247 [WARN] PackLoader:240 - Cannot read IP mode file for STMicroelectronics.FP-SNS-STBOX1.2.0.0
2025-03-02 13:55:37,266 [WARN] PackLoader:240 - Cannot read IP mode file for STMicroelectronics.X-CUBE-SUBG2.5.0.0
2025-03-02 13:55:37,279 [WARN] PackLoader:240 - Cannot read IP mode file for Cesanta.I-CUBE-Mongoose.7.13.0
2025-03-02 13:55:37,313 [WARN] PackLoader:240 - Cannot read IP mode file for STMicroelectronics.X-CUBE-AZRTOS-G4.2.0.0
2025-03-02 13:55:37,336 [WARN] PackLoader:240 - Cannot read IP mode file for STMicroelectronics.X-CUBE-IPS.3.1.0
2025-03-02 13:55:37,352 [WARN] PackLoader:240 - Cannot read IP mode file for STMicroelectronics.X-CUBE-ALS.1.0.2
2025-03-02 13:55:37,359 [WARN] PackLoader:240 - Cannot read IP mode file for STMicroelectronics.X-CUBE-TOUCHGFX.4.24.2
2025-03-02 13:55:37,363 [WARN] PackLoader:240 - Cannot read IP mode file for STMicroelectronics.X-CUBE-TOUCHGFX.4.24.1
2025-03-02 13:55:37,368 [WARN] PackLoader:240 - Cannot read IP mode file for wolfSSL.I-CUBE-wolfTPM.3.4.0
2025-03-02 13:55:37,378 [WARN] PackLoader:240 - Cannot read IP mode file for portGmbH.I-Cube-SoM-uGOAL.1.1.0
2025-03-02 13:55:37,413 [WARN] PackLoader:240 - Cannot read IP mode file for STMicroelectronics.X-CUBE-AZRTOS-H7RS.1.0.0
2025-03-02 13:55:37,437 [WARN] PackLoader:240 - Cannot read IP mode file for STMicroelectronics.X-CUBE-TOF1.3.4.2
2025-03-02 13:55:37,458 [WARN] PackLoader:240 - Cannot read IP mode file for wolfSSL.I-CUBE-wolfSSH.1.4.17
2025-03-02 13:55:37,459 [INFO] ThirdParty:978 - Integrity check success = true
2025-03-02 13:55:37,459 [INFO] IntegrityCheckThread:100 - exiting critical section [integrity check]
2025-03-02 13:55:37,459 [INFO] IntegrityCheckThread:103 - End integrity checks thread
2025-03-02 13:56:22,318 [INFO] WebApp:190 - Connection lost
2025-03-02 13:56:22,983 [INFO] WebApp:187 - Connection restablished
2025-03-02 13:56:29,466 [INFO] WebApp:190 - Connection lost
2025-03-02 13:56:29,745 [INFO] WebApp:187 - Connection restablished
2025-03-02 14:13:43,311 [INFO] WebApp:190 - Connection lost
2025-03-02 14:13:43,747 [INFO] WebApp:187 - Connection restablished
2025-03-02 14:13:51,497 [INFO] WebApp:190 - Connection lost
2025-03-02 14:13:52,004 [INFO] WebApp:187 - Connection restablished
